Flow report for MI-CircuitosDigitais-Problema-3
Sun Dec 10 17:38:37 2023
Quartus Prime Version 18.1.0 Build 625 09/12/2018 SJ Lite Edition


---------------------
; Table of Contents ;
---------------------
  1. Legal Notice
  2. Flow Summary
  3. Flow Settings
  4. Flow Non-Default Global Settings
  5. Flow Elapsed Time
  6. Flow OS Summary
  7. Flow Log
  8. Flow Messages
  9. Flow Suppressed Messages



----------------
; Legal Notice ;
----------------
Copyright (C) 2018  Intel Corporation. All rights reserved.
Your use of Intel Corporation's design tools, logic functions 
and other software and tools, and its AMPP partner logic 
functions, and any output files from any of the foregoing 
(including device programming or simulation files), and any 
associated documentation or information are expressly subject 
to the terms and conditions of the Intel Program License 
Subscription Agreement, the Intel Quartus Prime License Agreement,
the Intel FPGA IP License Agreement, or other applicable license
agreement, including, without limitation, that your use is for
the sole purpose of programming logic devices manufactured by
Intel and sold by Intel or its authorized distributors.  Please
refer to the applicable agreement for further details.



+---------------------------------------------------------------------+
; Flow Summary                                                        ;
+-----------------------+---------------------------------------------+
; Flow Status           ; Successful - Sun Dec 10 17:38:36 2023       ;
; Quartus Prime Version ; 18.1.0 Build 625 09/12/2018 SJ Lite Edition ;
; Revision Name         ; MI-CircuitosDigitais-Problema-3             ;
; Top-level Entity Name ; LevelToPulseMealy                           ;
; Family                ; MAX II                                      ;
; Device                ; EPM240T100C5                                ;
; Timing Models         ; Final                                       ;
; Total logic elements  ; 21 / 240 ( 9 % )                            ;
; Total pins            ; 4 / 80 ( 5 % )                              ;
; Total virtual pins    ; 0                                           ;
; UFM blocks            ; 0 / 1 ( 0 % )                               ;
+-----------------------+---------------------------------------------+


+-----------------------------------------------------+
; Flow Settings                                       ;
+-------------------+---------------------------------+
; Option            ; Setting                         ;
+-------------------+---------------------------------+
; Start date & time ; 12/10/2023 17:38:26             ;
; Main task         ; Compilation                     ;
; Revision Name     ; MI-CircuitosDigitais-Problema-3 ;
+-------------------+---------------------------------+


+-------------------------------------------------------------------------------------------------------------------------------------+
; Flow Non-Default Global Settings                                                                                                    ;
+---------------------------------------+--------------------------------+---------------------------------+-------------+------------+
; Assignment Name                       ; Value                          ; Default Value                   ; Entity Name ; Section Id ;
+---------------------------------------+--------------------------------+---------------------------------+-------------+------------+
; COMPILER_SIGNATURE_ID                 ; 66504338632076.170224070611704 ; --                              ; --          ; --         ;
; MAX_CORE_JUNCTION_TEMP                ; 85                             ; --                              ; --          ; --         ;
; MIN_CORE_JUNCTION_TEMP                ; 0                              ; --                              ; --          ; --         ;
; POWER_EXT_SUPPLY_VOLTAGE_TO_REGULATOR ; 3.3V                           ; --                              ; --          ; --         ;
; POWER_PRESET_COOLING_SOLUTION         ; No Heat Sink With Still Air    ; --                              ; --          ; --         ;
; PROJECT_OUTPUT_DIRECTORY              ; output_files                   ; --                              ; --          ; --         ;
; TOP_LEVEL_ENTITY                      ; LevelToPulseMealy              ; MI-CircuitosDigitais-Problema-3 ; --          ; --         ;
+---------------------------------------+--------------------------------+---------------------------------+-------------+------------+


+--------------------------------------------------------------------------------------------------------------------------+
; Flow Elapsed Time                                                                                                        ;
+----------------------+--------------+-------------------------+---------------------+------------------------------------+
; Module Name          ; Elapsed Time ; Average Processors Used ; Peak Virtual Memory ; Total CPU Time (on all processors) ;
+----------------------+--------------+-------------------------+---------------------+------------------------------------+
; Analysis & Synthesis ; 00:00:06     ; 1.0                     ; 4703 MB             ; 00:00:15                           ;
; Fitter               ; 00:00:02     ; 1.1                     ; 6173 MB             ; 00:00:02                           ;
; Assembler            ; 00:00:00     ; 1.0                     ; 4649 MB             ; 00:00:00                           ;
; Timing Analyzer      ; 00:00:00     ; 1.0                     ; 4709 MB             ; 00:00:01                           ;
; Total                ; 00:00:08     ; --                      ; --                  ; 00:00:18                           ;
+----------------------+--------------+-------------------------+---------------------+------------------------------------+


+------------------------------------------------------------------------------------+
; Flow OS Summary                                                                    ;
+----------------------+------------------+------------+------------+----------------+
; Module Name          ; Machine Hostname ; OS Name    ; OS Version ; Processor type ;
+----------------------+------------------+------------+------------+----------------+
; Analysis & Synthesis ; DESKTOP-HSRD27R  ; Windows 10 ; 10.0       ; x86_64         ;
; Fitter               ; DESKTOP-HSRD27R  ; Windows 10 ; 10.0       ; x86_64         ;
; Assembler            ; DESKTOP-HSRD27R  ; Windows 10 ; 10.0       ; x86_64         ;
; Timing Analyzer      ; DESKTOP-HSRD27R  ; Windows 10 ; 10.0       ; x86_64         ;
+----------------------+------------------+------------+------------+----------------+


------------
; Flow Log ;
------------
quartus_map --read_settings_files=on --write_settings_files=off MI-CircuitosDigitais-Problema-3 -c MI-CircuitosDigitais-Problema-3
quartus_fit --read_settings_files=off --write_settings_files=off MI-CircuitosDigitais-Problema-3 -c MI-CircuitosDigitais-Problema-3
quartus_asm --read_settings_files=off --write_settings_files=off MI-CircuitosDigitais-Problema-3 -c MI-CircuitosDigitais-Problema-3
quartus_sta MI-CircuitosDigitais-Problema-3 -c MI-CircuitosDigitais-Problema-3



